[Mon, 09 Apr 18 00:55:14 +0700][ERROR] [2]: EditController handler class cannot be loaded

[Mon, 09 Apr 18 00:57:33 +0700][ERROR] [2]: EditController handler class cannot be loaded

[Mon, 09 Apr 18 00:57:39 +0700][ERROR] [2]: EditController handler class cannot be loaded

[Mon, 09 Apr 18 00:57:59 +0700][ERROR] [2]: EditController handler class cannot be loaded

[Mon, 09 Apr 18 00:58:31 +0700][ERROR] [2]: EditController handler class cannot be loaded

[Mon, 09 Apr 18 01:13:01 +0700][ERROR] [2]: ImgController handler class cannot be loaded

[Mon, 09 Apr 18 01:13:26 +0700][ERROR] [2]: ImgController handler class cannot be loaded

[Mon, 09 Apr 18 01:13:28 +0700][ERROR] [2]: ImgController handler class cannot be loaded

[Mon, 09 Apr 18 01:34:23 +0700][ERROR] [2]: VendorController handler class cannot be loaded

[Mon, 09 Apr 18 01:34:41 +0700][ERROR] [2]: VendorController handler class cannot be loaded

[Mon, 09 Apr 18 01:37:47 +0700][ERROR] [2]: VendorController handler class cannot be loaded

[Mon, 09 Apr 18 01:37:47 +0700][ERROR] [2]: VendorController handler class cannot be loaded

[Mon, 09 Apr 18 01:38:03 +0700][ERROR] [2]: VendorController handler class cannot be loaded

[Mon, 09 Apr 18 01:38:57 +0700][ERROR] [2]: JsController handler class cannot be loaded

[Mon, 09 Apr 18 01:38:57 +0700][ERROR] [2]: JsController handler class cannot be loaded

[Mon, 09 Apr 18 01:42:14 +0700][ERROR] [2]: VendorController handler class cannot be loaded

[Mon, 09 Apr 18 01:42:14 +0700][ERROR] [2]: VendorController handler class cannot be loaded

[Mon, 09 Apr 18 01:42:15 +0700][ERROR] [2]: VendorController handler class cannot be loaded

[Mon, 09 Apr 18 01:42:15 +0700][ERROR] [2]: VendorController handler class cannot be loaded

[Mon, 09 Apr 18 01:42:17 +0700][ERROR] [2]: VendorController handler class cannot be loaded

[Mon, 09 Apr 18 01:42:17 +0700][ERROR] [2]: VendorController handler class cannot be loaded

[Mon, 09 Apr 18 12:53:23 +0700][ERROR] [2]: CssController handler class cannot be loaded

[Mon, 09 Apr 18 12:53:23 +0700][ERROR] [2]: JsController handler class cannot be loaded

[Mon, 09 Apr 18 12:53:27 +0700][ERROR] [2]: CssController handler class cannot be loaded

[Mon, 09 Apr 18 12:53:39 +0700][ERROR] [2]: CssController handler class cannot be loaded

[Mon, 09 Apr 18 12:56:17 +0700][ERROR] [2]: CssController handler class cannot be loaded

[Mon, 09 Apr 18 12:56:19 +0700][ERROR] [2]: ImgController handler class cannot be loaded

[Mon, 09 Apr 18 12:56:58 +0700][ERROR] [2]: ImgController handler class cannot be loaded

[Mon, 09 Apr 18 12:57:25 +0700][ERROR] [2]: ImgController handler class cannot be loaded

[Mon, 09 Apr 18 12:57:26 +0700][ERROR] [2]: ImgController handler class cannot be loaded

[Mon, 09 Apr 18 12:57:53 +0700][ERROR] [2]: ImgController handler class cannot be loaded

[Mon, 09 Apr 18 12:57:54 +0700][ERROR] [2]: ImgController handler class cannot be loaded

[Mon, 09 Apr 18 12:57:55 +0700][ERROR] [2]: ImgController handler class cannot be loaded

[Mon, 09 Apr 18 12:57:55 +0700][ERROR] [2]: ImgController handler class cannot be loaded

[Mon, 09 Apr 18 12:57:55 +0700][ERROR] [2]: ImgController handler class cannot be loaded

[Mon, 09 Apr 18 12:57:55 +0700][ERROR] [2]: ImgController handler class cannot be loaded

[Mon, 09 Apr 18 12:57:55 +0700][ERROR] [2]: ImgController handler class cannot be loaded

[Mon, 09 Apr 18 12:57:55 +0700][ERROR] [2]: ImgController handler class cannot be loaded

[Mon, 09 Apr 18 12:57:56 +0700][ERROR] [2]: ImgController handler class cannot be loaded

[Mon, 09 Apr 18 12:57:56 +0700][ERROR] [2]: ImgController handler class cannot be loaded

[Mon, 09 Apr 18 12:57:56 +0700][ERROR] [2]: ImgController handler class cannot be loaded

[Mon, 09 Apr 18 12:58:52 +0700][ERROR] [2]: CssController handler class cannot be loaded

[Mon, 09 Apr 18 13:01:31 +0700][ERROR] [2]: CssController handler class cannot be loaded

[Mon, 09 Apr 18 13:01:31 +0700][ERROR] [2]: JsController handler class cannot be loaded

[Mon, 09 Apr 18 13:01:31 +0700][ERROR] [2]: CssController handler class cannot be loaded

[Mon, 09 Apr 18 13:01:59 +0700][ERROR] [2]: ImgController handler class cannot be loaded

[Mon, 09 Apr 18 13:02:02 +0700][ERROR] [2]: CssController handler class cannot be loaded

[Mon, 09 Apr 18 13:02:38 +0700][ERROR] [2]: CssController handler class cannot be loaded

[Mon, 09 Apr 18 13:02:39 +0700][ERROR] [2]: CssController handler class cannot be loaded

[Mon, 09 Apr 18 13:02:39 +0700][ERROR] [2]: CssController handler class cannot be loaded

[Mon, 09 Apr 18 13:02:39 +0700][ERROR] [2]: JsController handler class cannot be loaded

[Mon, 09 Apr 18 13:02:39 +0700][ERROR] [2]: CssController handler class cannot be loaded

[Mon, 09 Apr 18 13:02:39 +0700][ERROR] [2]: CssController handler class cannot be loaded

[Mon, 09 Apr 18 13:02:40 +0700][ERROR] [2]: CssController handler class cannot be loaded

[Mon, 09 Apr 18 13:02:40 +0700][ERROR] [2]: CssController handler class cannot be loaded

[Mon, 09 Apr 18 13:02:40 +0700][ERROR] [2]: JsController handler class cannot be loaded

[Mon, 09 Apr 18 13:02:40 +0700][ERROR] [2]: CssController handler class cannot be loaded

[Mon, 09 Apr 18 13:02:58 +0700][ERROR] [2]: CssController handler class cannot be loaded

[Mon, 09 Apr 18 13:03:45 +0700][ERROR] [2]: CssController handler class cannot be loaded

[Mon, 09 Apr 18 13:17:02 +0700][ERROR] [2]: CssController handler class cannot be loaded

[Mon, 09 Apr 18 13:22:51 +0700][ERROR] [2]: CssController handler class cannot be loaded

[Mon, 09 Apr 18 13:24:43 +0700][ERROR] [2]: CssController handler class cannot be loaded

[Mon, 09 Apr 18 13:24:43 +0700][ERROR] [2]: JsController handler class cannot be loaded

[Mon, 09 Apr 18 13:25:19 +0700][ERROR] [2]: CssController handler class cannot be loaded

[Mon, 09 Apr 18 13:31:06 +0700][ERROR] [5]: Action 'authen' was not found on handler 'event'

[Mon, 09 Apr 18 13:31:11 +0700][ERROR] [5]: Action 'authen' was not found on handler 'event'

[Mon, 09 Apr 18 13:31:12 +0700][ERROR] [5]: Action 'authen' was not found on handler 'event'

[Mon, 09 Apr 18 13:31:12 +0700][ERROR] [5]: Action 'authen' was not found on handler 'event'

[Mon, 09 Apr 18 13:31:12 +0700][ERROR] [5]: Action 'authen' was not found on handler 'event'

[Mon, 09 Apr 18 13:31:13 +0700][ERROR] [5]: Action 'authen' was not found on handler 'event'

[Mon, 09 Apr 18 13:31:13 +0700][ERROR] [5]: Action 'authen' was not found on handler 'event'

[Mon, 09 Apr 18 13:31:13 +0700][ERROR] [5]: Action 'authen' was not found on handler 'event'

[Mon, 09 Apr 18 13:31:13 +0700][ERROR] [5]: Action 'authen' was not found on handler 'event'

[Mon, 09 Apr 18 13:31:13 +0700][ERROR] [5]: Action 'authen' was not found on handler 'event'

[Mon, 09 Apr 18 13:31:13 +0700][ERROR] [5]: Action 'authen' was not found on handler 'event'

[Mon, 09 Apr 18 13:31:13 +0700][ERROR] [5]: Action 'authen' was not found on handler 'event'

[Mon, 09 Apr 18 13:31:14 +0700][ERROR] [5]: Action 'authen' was not found on handler 'event'

[Mon, 09 Apr 18 13:31:16 +0700][ERROR] [2]: CssController handler class cannot be loaded

[Mon, 09 Apr 18 13:31:16 +0700][ERROR] [2]: CssController handler class cannot be loaded

[Mon, 09 Apr 18 13:32:49 +0700][ERROR] [5]: Action 'css' was not found on handler 'authen'

[Mon, 09 Apr 18 13:33:23 +0700][ERROR] [5]: Action 'css' was not found on handler 'authen'

[Mon, 09 Apr 18 13:33:23 +0700][ERROR] [5]: Action 'css' was not found on handler 'authen'

[Mon, 09 Apr 18 13:33:24 +0700][ERROR] [5]: Action 'css' was not found on handler 'authen'

[Mon, 09 Apr 18 13:33:24 +0700][ERROR] [5]: Action 'css' was not found on handler 'authen'

[Mon, 09 Apr 18 13:33:24 +0700][ERROR] [5]: Action 'css' was not found on handler 'authen'

[Mon, 09 Apr 18 13:33:24 +0700][ERROR] [5]: Action 'css' was not found on handler 'authen'

[Mon, 09 Apr 18 13:33:24 +0700][ERROR] [5]: Action 'css' was not found on handler 'authen'

[Mon, 09 Apr 18 13:33:24 +0700][ERROR] [5]: Action 'css' was not found on handler 'authen'

[Mon, 09 Apr 18 13:33:24 +0700][ERROR] [5]: Action 'css' was not found on handler 'authen'

[Mon, 09 Apr 18 13:33:24 +0700][ERROR] [5]: Action 'css' was not found on handler 'authen'

[Mon, 09 Apr 18 13:33:24 +0700][ERROR] [5]: Action 'css' was not found on handler 'authen'

[Mon, 09 Apr 18 13:33:24 +0700][ERROR] [5]: Action 'css' was not found on handler 'authen'

[Mon, 09 Apr 18 13:33:24 +0700][ERROR] [5]: Action 'css' was not found on handler 'authen'

[Mon, 09 Apr 18 13:33:24 +0700][ERROR] [5]: Action 'css' was not found on handler 'authen'

[Mon, 09 Apr 18 13:33:25 +0700][ERROR] [5]: Action 'css' was not found on handler 'authen'

[Mon, 09 Apr 18 13:33:25 +0700][ERROR] [5]: Action 'css' was not found on handler 'authen'

[Mon, 09 Apr 18 13:33:25 +0700][ERROR] [5]: Action 'css' was not found on handler 'authen'

[Mon, 09 Apr 18 13:33:25 +0700][ERROR] [5]: Action 'css' was not found on handler 'authen'

[Mon, 09 Apr 18 13:33:25 +0700][ERROR] [5]: Action 'css' was not found on handler 'authen'

[Mon, 09 Apr 18 13:33:25 +0700][ERROR] [5]: Action 'css' was not found on handler 'authen'

[Mon, 09 Apr 18 13:33:25 +0700][ERROR] [5]: Action 'css' was not found on handler 'authen'

[Mon, 09 Apr 18 13:33:25 +0700][ERROR] [5]: Action 'css' was not found on handler 'authen'

[Mon, 09 Apr 18 13:33:25 +0700][ERROR] [5]: Action 'css' was not found on handler 'authen'

[Mon, 09 Apr 18 13:33:25 +0700][ERROR] [5]: Action 'css' was not found on handler 'authen'

[Mon, 09 Apr 18 13:33:25 +0700][ERROR] [5]: Action 'css' was not found on handler 'authen'

[Mon, 09 Apr 18 13:33:25 +0700][ERROR] [5]: Action 'css' was not found on handler 'authen'

[Mon, 09 Apr 18 13:33:59 +0700][ERROR] [5]: Action 'css' was not found on handler 'authen'

[Mon, 09 Apr 18 13:33:59 +0700][ERROR] [5]: Action 'css' was not found on handler 'authen'

[Mon, 09 Apr 18 13:34:01 +0700][ERROR] [5]: Action 'css' was not found on handler 'authen'

[Mon, 09 Apr 18 13:34:01 +0700][ERROR] [5]: Action 'css' was not found on handler 'authen'

[Mon, 09 Apr 18 13:34:01 +0700][ERROR] [5]: Action 'css' was not found on handler 'authen'

[Mon, 09 Apr 18 13:34:01 +0700][ERROR] [5]: Action 'css' was not found on handler 'authen'

[Mon, 09 Apr 18 13:34:01 +0700][ERROR] [5]: Action 'css' was not found on handler 'authen'

[Mon, 09 Apr 18 13:34:01 +0700][ERROR] [5]: Action 'css' was not found on handler 'authen'

[Mon, 09 Apr 18 13:34:01 +0700][ERROR] [5]: Action 'css' was not found on handler 'authen'

[Mon, 09 Apr 18 13:34:01 +0700][ERROR] [5]: Action 'css' was not found on handler 'authen'

[Mon, 09 Apr 18 13:34:01 +0700][ERROR] [5]: Action 'css' was not found on handler 'authen'

[Mon, 09 Apr 18 13:34:01 +0700][ERROR] [5]: Action 'css' was not found on handler 'authen'

[Mon, 09 Apr 18 13:34:01 +0700][ERROR] [5]: Action 'css' was not found on handler 'authen'

[Mon, 09 Apr 18 13:34:01 +0700][ERROR] [5]: Action 'css' was not found on handler 'authen'

[Mon, 09 Apr 18 13:34:01 +0700][ERROR] [5]: Action 'css' was not found on handler 'authen'

[Mon, 09 Apr 18 13:34:01 +0700][ERROR] [5]: Action 'css' was not found on handler 'authen'

[Mon, 09 Apr 18 13:34:13 +0700][ERROR] [5]: Action 'css' was not found on handler 'authen'

[Mon, 09 Apr 18 13:34:15 +0700][ERROR] [2]: CssController handler class cannot be loaded

[Mon, 09 Apr 18 13:34:15 +0700][ERROR] [2]: CssController handler class cannot be loaded

[Mon, 09 Apr 18 13:37:23 +0700][ERROR] [2]: CssController handler class cannot be loaded

[Mon, 09 Apr 18 13:37:39 +0700][ERROR] [2]: CssController handler class cannot be loaded

[Mon, 09 Apr 18 13:37:45 +0700][ERROR] [2]: CssController handler class cannot be loaded

[Mon, 09 Apr 18 13:37:45 +0700][ERROR] [2]: CssController handler class cannot be loaded

[Mon, 09 Apr 18 13:38:59 +0700][ERROR] [2]: CssController handler class cannot be loaded

[Mon, 09 Apr 18 13:57:09 +0700][ERROR] [2]: CssController handler class cannot be loaded

[Mon, 09 Apr 18 14:04:27 +0700][ERROR] [5]: Action 'authen' was not found on handler 'event'

[Mon, 09 Apr 18 14:04:35 +0700][ERROR] [2]: CssController handler class cannot be loaded

[Mon, 09 Apr 18 14:04:38 +0700][ERROR] [2]: CssController handler class cannot be loaded

[Mon, 09 Apr 18 14:04:38 +0700][ERROR] [2]: CssController handler class cannot be loaded

[Mon, 09 Apr 18 14:04:41 +0700][ERROR] [2]: CssController handler class cannot be loaded

[Mon, 09 Apr 18 14:04:41 +0700][ERROR] [2]: CssController handler class cannot be loaded

[Mon, 09 Apr 18 14:04:47 +0700][ERROR] [5]: Action 'authen' was not found on handler 'event'

[Mon, 09 Apr 18 14:05:15 +0700][ERROR] [2]: CssController handler class cannot be loaded

[Mon, 09 Apr 18 14:05:15 +0700][ERROR] [2]: CssController handler class cannot be loaded

[Mon, 09 Apr 18 14:25:39 +0700][ERROR] [2]: CssController handler class cannot be loaded

[Mon, 09 Apr 18 14:25:39 +0700][ERROR] [2]: JsController handler class cannot be loaded

[Mon, 09 Apr 18 14:25:39 +0700][ERROR] [2]: CssController handler class cannot be loaded

